2026-06-15 22:15:53,378 p=7313 u=vagrant n=ansible | VM1-Grupo-FloresGonzalo | SUCCESS => {
    "ansible_facts": {
        "discovered_interpreter_python": "/usr/bin/python3"
    },
    "changed": false,
    "ping": "pong"
}
2026-06-15 22:15:53,429 p=7313 u=vagrant n=ansible | VM2-Grupo-FloresGonzalo | SUCCESS => {
    "ansible_facts": {
        "discovered_interpreter_python": "/usr/bin/python"
    },
    "changed": false,
    "ping": "pong"
}
2026-06-15 22:56:28,913 p=7696 u=vagrant n=ansible | PLAY [testing,produccion] ********************************************************
2026-06-15 22:56:28,923 p=7696 u=vagrant n=ansible | TASK [Gathering Facts] ***********************************************************
2026-06-15 22:56:30,874 p=7696 u=vagrant n=ansible | ok: [VM2-Grupo-FloresGonzalo]
2026-06-15 22:56:31,064 p=7696 u=vagrant n=ansible | ok: [VM1-Grupo-FloresGonzalo]
2026-06-15 22:56:31,078 p=7696 u=vagrant n=ansible | TASK [include_role : TP_INI] *****************************************************
2026-06-15 22:56:31,156 p=7696 u=vagrant n=ansible | TASK [TP_INI : Rol: TP_INI - Grupo: FloresGonzalo] *******************************
2026-06-15 22:56:31,184 p=7696 u=vagrant n=ansible | ok: [VM1-Grupo-FloresGonzalo] => {
    "msg": "Inicio de tareas dentro del Rol: TP_INI"
}
2026-06-15 22:56:31,186 p=7696 u=vagrant n=ansible | ok: [VM2-Grupo-FloresGonzalo] => {
    "msg": "Inicio de tareas dentro del Rol: TP_INI"
}
2026-06-15 22:56:31,193 p=7696 u=vagrant n=ansible | TASK [TP_INI : Creo directorio /tmp/Grupo] ***************************************
2026-06-15 22:56:31,622 p=7696 u=vagrant n=ansible | changed: [VM1-Grupo-FloresGonzalo]
2026-06-15 22:56:31,787 p=7696 u=vagrant n=ansible | changed: [VM2-Grupo-FloresGonzalo]
2026-06-15 22:56:31,803 p=7696 u=vagrant n=ansible | TASK [TP_INI : Agrego archivo desde template] ************************************
2026-06-15 22:56:31,936 p=7696 u=vagrant n=ansible | fatal: [VM1-Grupo-FloresGonzalo]: FAILED! => {"changed": false, "msg": "AnsibleUndefinedVariable: 'Variable_Vars_main' is undefined"}
2026-06-15 22:56:32,185 p=7696 u=vagrant n=ansible | fatal: [VM2-Grupo-FloresGonzalo]: FAILED! => {"changed": false, "msg": "AnsibleUndefinedVariable: 'Variable_Vars_main' is undefined"}
2026-06-15 22:56:32,186 p=7696 u=vagrant n=ansible | PLAY RECAP ***********************************************************************
2026-06-15 22:56:32,187 p=7696 u=vagrant n=ansible | VM1-Grupo-FloresGonzalo    : ok=3    changed=1    unreachable=0    failed=1    skipped=0    rescued=0    ignored=0   
2026-06-15 22:56:32,187 p=7696 u=vagrant n=ansible | VM2-Grupo-FloresGonzalo    : ok=3    changed=1    unreachable=0    failed=1    skipped=0    rescued=0    ignored=0   
2026-06-15 22:57:09,217 p=7941 u=vagrant n=ansible | PLAY [testing,produccion] **************************************************************************************************************************************************
2026-06-15 22:57:09,225 p=7941 u=vagrant n=ansible | TASK [Gathering Facts] *****************************************************************************************************************************************************
2026-06-15 22:57:10,313 p=7941 u=vagrant n=ansible | ok: [VM2-Grupo-FloresGonzalo]
2026-06-15 22:57:10,335 p=7941 u=vagrant n=ansible | ok: [VM1-Grupo-FloresGonzalo]
2026-06-15 22:57:10,348 p=7941 u=vagrant n=ansible | TASK [include_role : TP_INI] ***********************************************************************************************************************************************
2026-06-15 22:57:10,397 p=7941 u=vagrant n=ansible | TASK [TP_INI : Rol: TP_INI - Grupo: FloresGonzalo] *************************************************************************************************************************
2026-06-15 22:57:10,427 p=7941 u=vagrant n=ansible | ok: [VM1-Grupo-FloresGonzalo] => {
    "msg": "Inicio de tareas dentro del Rol: TP_INI"
}
2026-06-15 22:57:10,428 p=7941 u=vagrant n=ansible | ok: [VM2-Grupo-FloresGonzalo] => {
    "msg": "Inicio de tareas dentro del Rol: TP_INI"
}
2026-06-15 22:57:10,435 p=7941 u=vagrant n=ansible | TASK [TP_INI : Creo directorio /tmp/Grupo] *********************************************************************************************************************************
2026-06-15 22:57:10,844 p=7941 u=vagrant n=ansible | ok: [VM1-Grupo-FloresGonzalo]
2026-06-15 22:57:10,973 p=7941 u=vagrant n=ansible | ok: [VM2-Grupo-FloresGonzalo]
2026-06-15 22:57:10,981 p=7941 u=vagrant n=ansible | TASK [TP_INI : Agrego archivo desde template] ******************************************************************************************************************************
2026-06-15 22:57:11,753 p=7941 u=vagrant n=ansible | changed: [VM1-Grupo-FloresGonzalo]
2026-06-15 22:57:11,965 p=7941 u=vagrant n=ansible | changed: [VM2-Grupo-FloresGonzalo]
2026-06-15 22:57:11,972 p=7941 u=vagrant n=ansible | TASK [Otra tarea] **********************************************************************************************************************************************************
2026-06-15 22:57:11,996 p=7941 u=vagrant n=ansible | ok: [VM1-Grupo-FloresGonzalo] => {
    "msg": "Despues de la ejecucion del rol"
}
2026-06-15 22:57:12,000 p=7941 u=vagrant n=ansible | ok: [VM2-Grupo-FloresGonzalo] => {
    "msg": "Despues de la ejecucion del rol"
}
2026-06-15 22:57:12,013 p=7941 u=vagrant n=ansible | PLAY RECAP *****************************************************************************************************************************************************************
2026-06-15 22:57:12,014 p=7941 u=vagrant n=ansible | VM1-Grupo-FloresGonzalo    : ok=5    changed=1    unreachable=0    failed=0    skipped=0    rescued=0    ignored=0   
2026-06-15 22:57:12,014 p=7941 u=vagrant n=ansible | VM2-Grupo-FloresGonzalo    : ok=5    changed=1    unreachable=0    failed=0    skipped=0    rescued=0    ignored=0   
2026-06-15 23:13:00,129 p=8206 u=vagrant n=ansible | PLAY [testing,produccion] **************************************************************************************************************************************************
2026-06-15 23:13:00,137 p=8206 u=vagrant n=ansible | TASK [Gathering Facts] *****************************************************************************************************************************************************
2026-06-15 23:13:01,712 p=8206 u=vagrant n=ansible | ok: [VM2-Grupo-FloresGonzalo]
2026-06-15 23:13:02,083 p=8206 u=vagrant n=ansible | ok: [VM1-Grupo-FloresGonzalo]
2026-06-15 23:13:02,100 p=8206 u=vagrant n=ansible | TASK [include_role : TP_INI] ***********************************************************************************************************************************************
2026-06-15 23:13:02,153 p=8206 u=vagrant n=ansible | TASK [TP_INI : Rol: TP_INI - Grupo: FloresGonzalo] *************************************************************************************************************************
2026-06-15 23:13:02,185 p=8206 u=vagrant n=ansible | ok: [VM1-Grupo-FloresGonzalo] => {
    "msg": "Inicio de tareas dentro del Rol: TP_INI"
}
2026-06-15 23:13:02,185 p=8206 u=vagrant n=ansible | ok: [VM2-Grupo-FloresGonzalo] => {
    "msg": "Inicio de tareas dentro del Rol: TP_INI"
}
2026-06-15 23:13:02,193 p=8206 u=vagrant n=ansible | TASK [TP_INI : Creo directorio /tmp/Grupo] *********************************************************************************************************************************
2026-06-15 23:13:02,619 p=8206 u=vagrant n=ansible | ok: [VM1-Grupo-FloresGonzalo]
2026-06-15 23:13:02,735 p=8206 u=vagrant n=ansible | ok: [VM2-Grupo-FloresGonzalo]
2026-06-15 23:13:02,742 p=8206 u=vagrant n=ansible | TASK [TP_INI : Agrego archivo desde template] ******************************************************************************************************************************
2026-06-15 23:13:03,672 p=8206 u=vagrant n=ansible | ok: [VM1-Grupo-FloresGonzalo]
2026-06-15 23:13:03,764 p=8206 u=vagrant n=ansible | ok: [VM2-Grupo-FloresGonzalo]
2026-06-15 23:13:03,772 p=8206 u=vagrant n=ansible | TASK [include_role : Alta_Usuarios_FloresGonzalo] **************************************************************************************************************************
2026-06-15 23:13:03,819 p=8206 u=vagrant n=ansible | TASK [Alta_Usuarios_FloresGonzalo : Creo grupos principales] ***************************************************************************************************************
2026-06-15 23:13:04,263 p=8206 u=vagrant n=ansible | changed: [VM1-Grupo-FloresGonzalo] => (item={'USERNAME': 'R1_Flores', 'GRUPO_PRINCIPAL': 'G_R1'})
2026-06-15 23:13:04,493 p=8206 u=vagrant n=ansible | changed: [VM2-Grupo-FloresGonzalo] => (item={'USERNAME': 'R1_Flores', 'GRUPO_PRINCIPAL': 'G_R1'})
2026-06-15 23:13:04,558 p=8206 u=vagrant n=ansible | changed: [VM1-Grupo-FloresGonzalo] => (item={'USERNAME': 'R2_Flores', 'GRUPO_PRINCIPAL': 'G_R2'})
2026-06-15 23:13:04,884 p=8206 u=vagrant n=ansible | changed: [VM1-Grupo-FloresGonzalo] => (item={'USERNAME': 'R3_Flores', 'GRUPO_PRINCIPAL': 'G_R3'})
2026-06-15 23:13:05,012 p=8206 u=vagrant n=ansible | changed: [VM2-Grupo-FloresGonzalo] => (item={'USERNAME': 'R2_Flores', 'GRUPO_PRINCIPAL': 'G_R2'})
2026-06-15 23:13:05,218 p=8206 u=vagrant n=ansible | changed: [VM1-Grupo-FloresGonzalo] => (item={'USERNAME': 'R4_Flores', 'GRUPO_PRINCIPAL': 'G_R4'})
2026-06-15 23:13:05,491 p=8206 u=vagrant n=ansible | changed: [VM1-Grupo-FloresGonzalo] => (item={'USERNAME': 'R5_Flores', 'GRUPO_PRINCIPAL': 'G_R5'})
2026-06-15 23:13:05,552 p=8206 u=vagrant n=ansible | changed: [VM2-Grupo-FloresGonzalo] => (item={'USERNAME': 'R3_Flores', 'GRUPO_PRINCIPAL': 'G_R3'})
2026-06-15 23:13:05,843 p=8206 u=vagrant n=ansible | changed: [VM1-Grupo-FloresGonzalo] => (item={'USERNAME': 'R6_Flores', 'GRUPO_PRINCIPAL': 'G_R6'})
2026-06-15 23:13:06,133 p=8206 u=vagrant n=ansible | changed: [VM2-Grupo-FloresGonzalo] => (item={'USERNAME': 'R4_Flores', 'GRUPO_PRINCIPAL': 'G_R4'})
2026-06-15 23:13:06,596 p=8206 u=vagrant n=ansible | changed: [VM2-Grupo-FloresGonzalo] => (item={'USERNAME': 'R5_Flores', 'GRUPO_PRINCIPAL': 'G_R5'})
2026-06-15 23:13:07,073 p=8206 u=vagrant n=ansible | changed: [VM2-Grupo-FloresGonzalo] => (item={'USERNAME': 'R6_Flores', 'GRUPO_PRINCIPAL': 'G_R6'})
2026-06-15 23:13:07,079 p=8206 u=vagrant n=ansible | TASK [Alta_Usuarios_FloresGonzalo : Creo grupo secundario] *****************************************************************************************************************
2026-06-15 23:13:07,444 p=8206 u=vagrant n=ansible | changed: [VM1-Grupo-FloresGonzalo]
2026-06-15 23:13:07,638 p=8206 u=vagrant n=ansible | changed: [VM2-Grupo-FloresGonzalo]
2026-06-15 23:13:07,646 p=8206 u=vagrant n=ansible | TASK [Alta_Usuarios_FloresGonzalo : Creo usuarios] *************************************************************************************************************************
2026-06-15 23:13:08,197 p=8206 u=vagrant n=ansible | changed: [VM1-Grupo-FloresGonzalo] => (item={'USERNAME': 'R1_Flores', 'GRUPO_PRINCIPAL': 'G_R1'})
2026-06-15 23:13:08,414 p=8206 u=vagrant n=ansible | changed: [VM2-Grupo-FloresGonzalo] => (item={'USERNAME': 'R1_Flores', 'GRUPO_PRINCIPAL': 'G_R1'})
2026-06-15 23:13:08,576 p=8206 u=vagrant n=ansible | changed: [VM1-Grupo-FloresGonzalo] => (item={'USERNAME': 'R2_Flores', 'GRUPO_PRINCIPAL': 'G_R2'})
2026-06-15 23:13:08,898 p=8206 u=vagrant n=ansible | changed: [VM1-Grupo-FloresGonzalo] => (item={'USERNAME': 'R3_Flores', 'GRUPO_PRINCIPAL': 'G_R3'})
2026-06-15 23:13:09,024 p=8206 u=vagrant n=ansible | changed: [VM2-Grupo-FloresGonzalo] => (item={'USERNAME': 'R2_Flores', 'GRUPO_PRINCIPAL': 'G_R2'})
2026-06-15 23:13:09,282 p=8206 u=vagrant n=ansible | changed: [VM1-Grupo-FloresGonzalo] => (item={'USERNAME': 'R4_Flores', 'GRUPO_PRINCIPAL': 'G_R4'})
2026-06-15 23:13:09,589 p=8206 u=vagrant n=ansible | changed: [VM1-Grupo-FloresGonzalo] => (item={'USERNAME': 'R5_Flores', 'GRUPO_PRINCIPAL': 'G_R5'})
2026-06-15 23:13:09,676 p=8206 u=vagrant n=ansible | changed: [VM2-Grupo-FloresGonzalo] => (item={'USERNAME': 'R3_Flores', 'GRUPO_PRINCIPAL': 'G_R3'})
2026-06-15 23:13:09,993 p=8206 u=vagrant n=ansible | changed: [VM1-Grupo-FloresGonzalo] => (item={'USERNAME': 'R6_Flores', 'GRUPO_PRINCIPAL': 'G_R6'})
2026-06-15 23:13:10,308 p=8206 u=vagrant n=ansible | changed: [VM2-Grupo-FloresGonzalo] => (item={'USERNAME': 'R4_Flores', 'GRUPO_PRINCIPAL': 'G_R4'})
2026-06-15 23:13:10,881 p=8206 u=vagrant n=ansible | changed: [VM2-Grupo-FloresGonzalo] => (item={'USERNAME': 'R5_Flores', 'GRUPO_PRINCIPAL': 'G_R5'})
2026-06-15 23:13:11,450 p=8206 u=vagrant n=ansible | changed: [VM2-Grupo-FloresGonzalo] => (item={'USERNAME': 'R6_Flores', 'GRUPO_PRINCIPAL': 'G_R6'})
2026-06-15 23:13:11,457 p=8206 u=vagrant n=ansible | TASK [Otra tarea] **********************************************************************************************************************************************************
2026-06-15 23:13:11,485 p=8206 u=vagrant n=ansible | ok: [VM1-Grupo-FloresGonzalo] => {
    "msg": "Despues de la ejecucion del rol"
}
2026-06-15 23:13:11,486 p=8206 u=vagrant n=ansible | ok: [VM2-Grupo-FloresGonzalo] => {
    "msg": "Despues de la ejecucion del rol"
}
2026-06-15 23:13:11,497 p=8206 u=vagrant n=ansible | PLAY RECAP *****************************************************************************************************************************************************************
2026-06-15 23:13:11,497 p=8206 u=vagrant n=ansible | VM1-Grupo-FloresGonzalo    : ok=8    changed=3    unreachable=0    failed=0    skipped=0    rescued=0    ignored=0   
2026-06-15 23:13:11,497 p=8206 u=vagrant n=ansible | VM2-Grupo-FloresGonzalo    : ok=8    changed=3    unreachable=0    failed=0    skipped=0    rescued=0    ignored=0   
2026-06-15 23:18:59,529 p=9088 u=vagrant n=ansible | PLAY [testing,produccion] **************************************************************************************************************************************************
2026-06-15 23:18:59,537 p=9088 u=vagrant n=ansible | TASK [Gathering Facts] *****************************************************************************************************************************************************
2026-06-15 23:19:01,048 p=9088 u=vagrant n=ansible | ok: [VM2-Grupo-FloresGonzalo]
2026-06-15 23:19:01,166 p=9088 u=vagrant n=ansible | ok: [VM1-Grupo-FloresGonzalo]
2026-06-15 23:19:01,177 p=9088 u=vagrant n=ansible | TASK [include_role : TP_INI] ***********************************************************************************************************************************************
2026-06-15 23:19:01,231 p=9088 u=vagrant n=ansible | TASK [TP_INI : Rol: TP_INI - Grupo: FloresGonzalo] *************************************************************************************************************************
2026-06-15 23:19:01,263 p=9088 u=vagrant n=ansible | ok: [VM1-Grupo-FloresGonzalo] => {
    "msg": "Inicio de tareas dentro del Rol: TP_INI"
}
2026-06-15 23:19:01,264 p=9088 u=vagrant n=ansible | ok: [VM2-Grupo-FloresGonzalo] => {
    "msg": "Inicio de tareas dentro del Rol: TP_INI"
}
2026-06-15 23:19:01,271 p=9088 u=vagrant n=ansible | TASK [TP_INI : Creo directorio /tmp/Grupo] *********************************************************************************************************************************
2026-06-15 23:19:01,680 p=9088 u=vagrant n=ansible | ok: [VM1-Grupo-FloresGonzalo]
2026-06-15 23:19:01,803 p=9088 u=vagrant n=ansible | ok: [VM2-Grupo-FloresGonzalo]
2026-06-15 23:19:01,811 p=9088 u=vagrant n=ansible | TASK [TP_INI : Agrego archivo desde template] ******************************************************************************************************************************
2026-06-15 23:19:02,530 p=9088 u=vagrant n=ansible | ok: [VM1-Grupo-FloresGonzalo]
2026-06-15 23:19:02,646 p=9088 u=vagrant n=ansible | ok: [VM2-Grupo-FloresGonzalo]
2026-06-15 23:19:02,653 p=9088 u=vagrant n=ansible | TASK [include_role : Alta_Usuarios_FloresGonzalo] **************************************************************************************************************************
2026-06-15 23:19:02,696 p=9088 u=vagrant n=ansible | TASK [Alta_Usuarios_FloresGonzalo : Creo grupos principales] ***************************************************************************************************************
2026-06-15 23:19:03,104 p=9088 u=vagrant n=ansible | ok: [VM1-Grupo-FloresGonzalo] => (item={'USERNAME': 'R1_Flores', 'GRUPO_PRINCIPAL': 'G_R1'})
2026-06-15 23:19:03,250 p=9088 u=vagrant n=ansible | ok: [VM2-Grupo-FloresGonzalo] => (item={'USERNAME': 'R1_Flores', 'GRUPO_PRINCIPAL': 'G_R1'})
2026-06-15 23:19:03,392 p=9088 u=vagrant n=ansible | ok: [VM1-Grupo-FloresGonzalo] => (item={'USERNAME': 'R2_Flores', 'GRUPO_PRINCIPAL': 'G_R2'})
2026-06-15 23:19:03,658 p=9088 u=vagrant n=ansible | ok: [VM1-Grupo-FloresGonzalo] => (item={'USERNAME': 'R3_Flores', 'GRUPO_PRINCIPAL': 'G_R3'})
2026-06-15 23:19:03,713 p=9088 u=vagrant n=ansible | ok: [VM2-Grupo-FloresGonzalo] => (item={'USERNAME': 'R2_Flores', 'GRUPO_PRINCIPAL': 'G_R2'})
2026-06-15 23:19:03,962 p=9088 u=vagrant n=ansible | ok: [VM1-Grupo-FloresGonzalo] => (item={'USERNAME': 'R4_Flores', 'GRUPO_PRINCIPAL': 'G_R4'})
2026-06-15 23:19:04,188 p=9088 u=vagrant n=ansible | ok: [VM2-Grupo-FloresGonzalo] => (item={'USERNAME': 'R3_Flores', 'GRUPO_PRINCIPAL': 'G_R3'})
2026-06-15 23:19:04,222 p=9088 u=vagrant n=ansible | ok: [VM1-Grupo-FloresGonzalo] => (item={'USERNAME': 'R5_Flores', 'GRUPO_PRINCIPAL': 'G_R5'})
2026-06-15 23:19:04,512 p=9088 u=vagrant n=ansible | ok: [VM1-Grupo-FloresGonzalo] => (item={'USERNAME': 'R6_Flores', 'GRUPO_PRINCIPAL': 'G_R6'})
2026-06-15 23:19:04,646 p=9088 u=vagrant n=ansible | ok: [VM2-Grupo-FloresGonzalo] => (item={'USERNAME': 'R4_Flores', 'GRUPO_PRINCIPAL': 'G_R4'})
2026-06-15 23:19:05,061 p=9088 u=vagrant n=ansible | ok: [VM2-Grupo-FloresGonzalo] => (item={'USERNAME': 'R5_Flores', 'GRUPO_PRINCIPAL': 'G_R5'})
2026-06-15 23:19:05,472 p=9088 u=vagrant n=ansible | ok: [VM2-Grupo-FloresGonzalo] => (item={'USERNAME': 'R6_Flores', 'GRUPO_PRINCIPAL': 'G_R6'})
2026-06-15 23:19:05,480 p=9088 u=vagrant n=ansible | TASK [Alta_Usuarios_FloresGonzalo : Creo grupo secundario] *****************************************************************************************************************
2026-06-15 23:19:05,820 p=9088 u=vagrant n=ansible | ok: [VM1-Grupo-FloresGonzalo]
2026-06-15 23:19:06,006 p=9088 u=vagrant n=ansible | ok: [VM2-Grupo-FloresGonzalo]
2026-06-15 23:19:06,013 p=9088 u=vagrant n=ansible | TASK [Alta_Usuarios_FloresGonzalo : Creo usuarios] *************************************************************************************************************************
2026-06-15 23:19:06,512 p=9088 u=vagrant n=ansible | ok: [VM1-Grupo-FloresGonzalo] => (item={'USERNAME': 'R1_Flores', 'GRUPO_PRINCIPAL': 'G_R1'})
2026-06-15 23:19:06,630 p=9088 u=vagrant n=ansible | ok: [VM2-Grupo-FloresGonzalo] => (item={'USERNAME': 'R1_Flores', 'GRUPO_PRINCIPAL': 'G_R1'})
2026-06-15 23:19:06,869 p=9088 u=vagrant n=ansible | ok: [VM1-Grupo-FloresGonzalo] => (item={'USERNAME': 'R2_Flores', 'GRUPO_PRINCIPAL': 'G_R2'})
2026-06-15 23:19:07,147 p=9088 u=vagrant n=ansible | ok: [VM2-Grupo-FloresGonzalo] => (item={'USERNAME': 'R2_Flores', 'GRUPO_PRINCIPAL': 'G_R2'})
2026-06-15 23:19:07,188 p=9088 u=vagrant n=ansible | ok: [VM1-Grupo-FloresGonzalo] => (item={'USERNAME': 'R3_Flores', 'GRUPO_PRINCIPAL': 'G_R3'})
2026-06-15 23:19:07,513 p=9088 u=vagrant n=ansible | ok: [VM1-Grupo-FloresGonzalo] => (item={'USERNAME': 'R4_Flores', 'GRUPO_PRINCIPAL': 'G_R4'})
2026-06-15 23:19:07,660 p=9088 u=vagrant n=ansible | ok: [VM2-Grupo-FloresGonzalo] => (item={'USERNAME': 'R3_Flores', 'GRUPO_PRINCIPAL': 'G_R3'})
2026-06-15 23:19:07,856 p=9088 u=vagrant n=ansible | ok: [VM1-Grupo-FloresGonzalo] => (item={'USERNAME': 'R5_Flores', 'GRUPO_PRINCIPAL': 'G_R5'})
2026-06-15 23:19:08,162 p=9088 u=vagrant n=ansible | ok: [VM1-Grupo-FloresGonzalo] => (item={'USERNAME': 'R6_Flores', 'GRUPO_PRINCIPAL': 'G_R6'})
2026-06-15 23:19:08,173 p=9088 u=vagrant n=ansible | ok: [VM2-Grupo-FloresGonzalo] => (item={'USERNAME': 'R4_Flores', 'GRUPO_PRINCIPAL': 'G_R4'})
2026-06-15 23:19:08,625 p=9088 u=vagrant n=ansible | ok: [VM2-Grupo-FloresGonzalo] => (item={'USERNAME': 'R5_Flores', 'GRUPO_PRINCIPAL': 'G_R5'})
2026-06-15 23:19:09,080 p=9088 u=vagrant n=ansible | ok: [VM2-Grupo-FloresGonzalo] => (item={'USERNAME': 'R6_Flores', 'GRUPO_PRINCIPAL': 'G_R6'})
2026-06-15 23:19:09,088 p=9088 u=vagrant n=ansible | TASK [include_role : Sudoers_FloresGonzalo] ********************************************************************************************************************************
2026-06-15 23:19:09,133 p=9088 u=vagrant n=ansible | TASK [Sudoers_FloresGonzalo : add NOPASSWD in sudoers for group FloresGonzalo] *********************************************************************************************
2026-06-15 23:19:09,536 p=9088 u=vagrant n=ansible | fatal: [VM1-Grupo-FloresGonzalo]: FAILED! => {"changed": false, "msg": "Destination /etc/sudoers.d/FloresGonzalo does not exist !", "rc": 257}
2026-06-15 23:19:09,658 p=9088 u=vagrant n=ansible | fatal: [VM2-Grupo-FloresGonzalo]: FAILED! => {"changed": false, "msg": "Destination /etc/sudoers.d/FloresGonzalo does not exist !", "rc": 257}
2026-06-15 23:19:09,661 p=9088 u=vagrant n=ansible | PLAY RECAP *****************************************************************************************************************************************************************
2026-06-15 23:19:09,661 p=9088 u=vagrant n=ansible | VM1-Grupo-FloresGonzalo    : ok=7    changed=0    unreachable=0    failed=1    skipped=0    rescued=0    ignored=0   
2026-06-15 23:19:09,661 p=9088 u=vagrant n=ansible | VM2-Grupo-FloresGonzalo    : ok=7    changed=0    unreachable=0    failed=1    skipped=0    rescued=0    ignored=0   
2026-06-15 23:21:20,169 p=9917 u=vagrant n=ansible | PLAY [testing,produccion] **************************************************************************************************************************************************
2026-06-15 23:21:20,177 p=9917 u=vagrant n=ansible | TASK [Gathering Facts] *****************************************************************************************************************************************************
2026-06-15 23:21:21,657 p=9917 u=vagrant n=ansible | ok: [VM2-Grupo-FloresGonzalo]
2026-06-15 23:21:21,711 p=9917 u=vagrant n=ansible | ok: [VM1-Grupo-FloresGonzalo]
2026-06-15 23:21:21,724 p=9917 u=vagrant n=ansible | TASK [include_role : TP_INI] ***********************************************************************************************************************************************
2026-06-15 23:21:21,776 p=9917 u=vagrant n=ansible | TASK [TP_INI : Rol: TP_INI - Grupo: FloresGonzalo] *************************************************************************************************************************
2026-06-15 23:21:21,806 p=9917 u=vagrant n=ansible | ok: [VM1-Grupo-FloresGonzalo] => {
    "msg": "Inicio de tareas dentro del Rol: TP_INI"
}
2026-06-15 23:21:21,808 p=9917 u=vagrant n=ansible | ok: [VM2-Grupo-FloresGonzalo] => {
    "msg": "Inicio de tareas dentro del Rol: TP_INI"
}
2026-06-15 23:21:21,815 p=9917 u=vagrant n=ansible | TASK [TP_INI : Creo directorio /tmp/Grupo] *********************************************************************************************************************************
2026-06-15 23:21:22,232 p=9917 u=vagrant n=ansible | ok: [VM1-Grupo-FloresGonzalo]
2026-06-15 23:21:22,348 p=9917 u=vagrant n=ansible | ok: [VM2-Grupo-FloresGonzalo]
2026-06-15 23:21:22,354 p=9917 u=vagrant n=ansible | TASK [TP_INI : Agrego archivo desde template] ******************************************************************************************************************************
2026-06-15 23:21:23,073 p=9917 u=vagrant n=ansible | ok: [VM1-Grupo-FloresGonzalo]
2026-06-15 23:21:23,184 p=9917 u=vagrant n=ansible | ok: [VM2-Grupo-FloresGonzalo]
2026-06-15 23:21:23,191 p=9917 u=vagrant n=ansible | TASK [include_role : Alta_Usuarios_FloresGonzalo] **************************************************************************************************************************
2026-06-15 23:21:23,237 p=9917 u=vagrant n=ansible | TASK [Alta_Usuarios_FloresGonzalo : Creo grupos principales] ***************************************************************************************************************
2026-06-15 23:21:23,650 p=9917 u=vagrant n=ansible | ok: [VM1-Grupo-FloresGonzalo] => (item={'USERNAME': 'R1_Flores', 'GRUPO_PRINCIPAL': 'G_R1'})
2026-06-15 23:21:23,792 p=9917 u=vagrant n=ansible | ok: [VM2-Grupo-FloresGonzalo] => (item={'USERNAME': 'R1_Flores', 'GRUPO_PRINCIPAL': 'G_R1'})
2026-06-15 23:21:23,942 p=9917 u=vagrant n=ansible | ok: [VM1-Grupo-FloresGonzalo] => (item={'USERNAME': 'R2_Flores', 'GRUPO_PRINCIPAL': 'G_R2'})
2026-06-15 23:21:24,229 p=9917 u=vagrant n=ansible | ok: [VM1-Grupo-FloresGonzalo] => (item={'USERNAME': 'R3_Flores', 'GRUPO_PRINCIPAL': 'G_R3'})
2026-06-15 23:21:24,264 p=9917 u=vagrant n=ansible | ok: [VM2-Grupo-FloresGonzalo] => (item={'USERNAME': 'R2_Flores', 'GRUPO_PRINCIPAL': 'G_R2'})
2026-06-15 23:21:24,537 p=9917 u=vagrant n=ansible | ok: [VM1-Grupo-FloresGonzalo] => (item={'USERNAME': 'R4_Flores', 'GRUPO_PRINCIPAL': 'G_R4'})
2026-06-15 23:21:24,752 p=9917 u=vagrant n=ansible | ok: [VM2-Grupo-FloresGonzalo] => (item={'USERNAME': 'R3_Flores', 'GRUPO_PRINCIPAL': 'G_R3'})
2026-06-15 23:21:24,802 p=9917 u=vagrant n=ansible | ok: [VM1-Grupo-FloresGonzalo] => (item={'USERNAME': 'R5_Flores', 'GRUPO_PRINCIPAL': 'G_R5'})
2026-06-15 23:21:25,092 p=9917 u=vagrant n=ansible | ok: [VM1-Grupo-FloresGonzalo] => (item={'USERNAME': 'R6_Flores', 'GRUPO_PRINCIPAL': 'G_R6'})
2026-06-15 23:21:25,226 p=9917 u=vagrant n=ansible | ok: [VM2-Grupo-FloresGonzalo] => (item={'USERNAME': 'R4_Flores', 'GRUPO_PRINCIPAL': 'G_R4'})
2026-06-15 23:21:25,637 p=9917 u=vagrant n=ansible | ok: [VM2-Grupo-FloresGonzalo] => (item={'USERNAME': 'R5_Flores', 'GRUPO_PRINCIPAL': 'G_R5'})
2026-06-15 23:21:26,050 p=9917 u=vagrant n=ansible | ok: [VM2-Grupo-FloresGonzalo] => (item={'USERNAME': 'R6_Flores', 'GRUPO_PRINCIPAL': 'G_R6'})
2026-06-15 23:21:26,057 p=9917 u=vagrant n=ansible | TASK [Alta_Usuarios_FloresGonzalo : Creo grupo secundario] *****************************************************************************************************************
2026-06-15 23:21:26,386 p=9917 u=vagrant n=ansible | ok: [VM1-Grupo-FloresGonzalo]
2026-06-15 23:21:26,549 p=9917 u=vagrant n=ansible | ok: [VM2-Grupo-FloresGonzalo]
2026-06-15 23:21:26,557 p=9917 u=vagrant n=ansible | TASK [Alta_Usuarios_FloresGonzalo : Creo usuarios] *************************************************************************************************************************
2026-06-15 23:21:27,040 p=9917 u=vagrant n=ansible | ok: [VM1-Grupo-FloresGonzalo] => (item={'USERNAME': 'R1_Flores', 'GRUPO_PRINCIPAL': 'G_R1'})
2026-06-15 23:21:27,170 p=9917 u=vagrant n=ansible | ok: [VM2-Grupo-FloresGonzalo] => (item={'USERNAME': 'R1_Flores', 'GRUPO_PRINCIPAL': 'G_R1'})
2026-06-15 23:21:27,388 p=9917 u=vagrant n=ansible | ok: [VM1-Grupo-FloresGonzalo] => (item={'USERNAME': 'R2_Flores', 'GRUPO_PRINCIPAL': 'G_R2'})
2026-06-15 23:21:27,690 p=9917 u=vagrant n=ansible | ok: [VM1-Grupo-FloresGonzalo] => (item={'USERNAME': 'R3_Flores', 'GRUPO_PRINCIPAL': 'G_R3'})
2026-06-15 23:21:27,701 p=9917 u=vagrant n=ansible | ok: [VM2-Grupo-FloresGonzalo] => (item={'USERNAME': 'R2_Flores', 'GRUPO_PRINCIPAL': 'G_R2'})
2026-06-15 23:21:28,038 p=9917 u=vagrant n=ansible | ok: [VM1-Grupo-FloresGonzalo] => (item={'USERNAME': 'R4_Flores', 'GRUPO_PRINCIPAL': 'G_R4'})
2026-06-15 23:21:28,228 p=9917 u=vagrant n=ansible | ok: [VM2-Grupo-FloresGonzalo] => (item={'USERNAME': 'R3_Flores', 'GRUPO_PRINCIPAL': 'G_R3'})
2026-06-15 23:21:28,364 p=9917 u=vagrant n=ansible | ok: [VM1-Grupo-FloresGonzalo] => (item={'USERNAME': 'R5_Flores', 'GRUPO_PRINCIPAL': 'G_R5'})
2026-06-15 23:21:28,668 p=9917 u=vagrant n=ansible | ok: [VM1-Grupo-FloresGonzalo] => (item={'USERNAME': 'R6_Flores', 'GRUPO_PRINCIPAL': 'G_R6'})
2026-06-15 23:21:28,731 p=9917 u=vagrant n=ansible | ok: [VM2-Grupo-FloresGonzalo] => (item={'USERNAME': 'R4_Flores', 'GRUPO_PRINCIPAL': 'G_R4'})
2026-06-15 23:21:29,172 p=9917 u=vagrant n=ansible | ok: [VM2-Grupo-FloresGonzalo] => (item={'USERNAME': 'R5_Flores', 'GRUPO_PRINCIPAL': 'G_R5'})
2026-06-15 23:21:29,640 p=9917 u=vagrant n=ansible | ok: [VM2-Grupo-FloresGonzalo] => (item={'USERNAME': 'R6_Flores', 'GRUPO_PRINCIPAL': 'G_R6'})
2026-06-15 23:21:29,648 p=9917 u=vagrant n=ansible | TASK [include_role : Sudoers_FloresGonzalo] ********************************************************************************************************************************
2026-06-15 23:21:29,694 p=9917 u=vagrant n=ansible | TASK [Sudoers_FloresGonzalo : add NOPASSWD in sudoers for group FloresGonzalo] *********************************************************************************************
2026-06-15 23:21:30,123 p=9917 u=vagrant n=ansible | changed: [VM1-Grupo-FloresGonzalo]
2026-06-15 23:21:30,267 p=9917 u=vagrant n=ansible | changed: [VM2-Grupo-FloresGonzalo]
2026-06-15 23:21:30,274 p=9917 u=vagrant n=ansible | TASK [Otra tarea] **********************************************************************************************************************************************************
2026-06-15 23:21:30,302 p=9917 u=vagrant n=ansible | ok: [VM1-Grupo-FloresGonzalo] => {
    "msg": "Despues de la ejecucion del rol"
}
2026-06-15 23:21:30,308 p=9917 u=vagrant n=ansible | ok: [VM2-Grupo-FloresGonzalo] => {
    "msg": "Despues de la ejecucion del rol"
}
2026-06-15 23:21:30,321 p=9917 u=vagrant n=ansible | PLAY RECAP *****************************************************************************************************************************************************************
2026-06-15 23:21:30,322 p=9917 u=vagrant n=ansible | VM1-Grupo-FloresGonzalo    : ok=9    changed=1    unreachable=0    failed=0    skipped=0    rescued=0    ignored=0   
2026-06-15 23:21:30,322 p=9917 u=vagrant n=ansible | VM2-Grupo-FloresGonzalo    : ok=9    changed=1    unreachable=0    failed=0    skipped=0    rescued=0    ignored=0   
2026-06-15 23:27:22,760 p=10765 u=vagrant n=ansible | [WARNING]: No inventory was parsed, only implicit localhost is available

2026-06-15 23:27:22,764 p=10765 u=vagrant n=ansible | [WARNING]: provided hosts list is empty, only localhost is available. Note that the implicit localhost does not match 'all'

2026-06-15 23:27:22,766 p=10765 u=vagrant n=ansible | [WARNING]: Could not match supplied host pattern, ignoring: reset

2026-06-15 23:27:22,771 p=10765 u=vagrant n=ansible | ERROR! No argument passed to command module
2026-06-15 23:27:23,147 p=10766 u=vagrant n=ansible | PLAY [testing,produccion] **************************************************************************************************************************************************
2026-06-15 23:27:23,155 p=10766 u=vagrant n=ansible | TASK [Gathering Facts] *****************************************************************************************************************************************************
2026-06-15 23:27:24,591 p=10766 u=vagrant n=ansible | ok: [VM2-Grupo-FloresGonzalo]
2026-06-15 23:27:24,676 p=10766 u=vagrant n=ansible | ok: [VM1-Grupo-FloresGonzalo]
2026-06-15 23:27:24,689 p=10766 u=vagrant n=ansible | TASK [include_role : TP_INI] ***********************************************************************************************************************************************
2026-06-15 23:27:24,741 p=10766 u=vagrant n=ansible | TASK [TP_INI : Rol: TP_INI - Grupo: FloresGonzalo] *************************************************************************************************************************
2026-06-15 23:27:24,769 p=10766 u=vagrant n=ansible | ok: [VM1-Grupo-FloresGonzalo] => {
    "msg": "Inicio de tareas dentro del Rol: TP_INI"
}
2026-06-15 23:27:24,772 p=10766 u=vagrant n=ansible | ok: [VM2-Grupo-FloresGonzalo] => {
    "msg": "Inicio de tareas dentro del Rol: TP_INI"
}
2026-06-15 23:27:24,780 p=10766 u=vagrant n=ansible | TASK [TP_INI : Creo directorio /tmp/Grupo] *********************************************************************************************************************************
2026-06-15 23:27:25,193 p=10766 u=vagrant n=ansible | ok: [VM1-Grupo-FloresGonzalo]
2026-06-15 23:27:25,312 p=10766 u=vagrant n=ansible | ok: [VM2-Grupo-FloresGonzalo]
2026-06-15 23:27:25,321 p=10766 u=vagrant n=ansible | TASK [TP_INI : Agrego archivo desde template] ******************************************************************************************************************************
2026-06-15 23:27:26,050 p=10766 u=vagrant n=ansible | ok: [VM1-Grupo-FloresGonzalo]
2026-06-15 23:27:26,142 p=10766 u=vagrant n=ansible | ok: [VM2-Grupo-FloresGonzalo]
2026-06-15 23:27:26,149 p=10766 u=vagrant n=ansible | TASK [include_role : Alta_Usuarios_FloresGonzalo] **************************************************************************************************************************
2026-06-15 23:27:26,194 p=10766 u=vagrant n=ansible | TASK [Alta_Usuarios_FloresGonzalo : Creo grupos principales] ***************************************************************************************************************
2026-06-15 23:27:26,602 p=10766 u=vagrant n=ansible | ok: [VM1-Grupo-FloresGonzalo] => (item={'USERNAME': 'R1_Flores', 'GRUPO_PRINCIPAL': 'G_R1'})
2026-06-15 23:27:26,736 p=10766 u=vagrant n=ansible | ok: [VM2-Grupo-FloresGonzalo] => (item={'USERNAME': 'R1_Flores', 'GRUPO_PRINCIPAL': 'G_R1'})
2026-06-15 23:27:26,904 p=10766 u=vagrant n=ansible | ok: [VM1-Grupo-FloresGonzalo] => (item={'USERNAME': 'R2_Flores', 'GRUPO_PRINCIPAL': 'G_R2'})
2026-06-15 23:27:27,176 p=10766 u=vagrant n=ansible | ok: [VM1-Grupo-FloresGonzalo] => (item={'USERNAME': 'R3_Flores', 'GRUPO_PRINCIPAL': 'G_R3'})
2026-06-15 23:27:27,208 p=10766 u=vagrant n=ansible | ok: [VM2-Grupo-FloresGonzalo] => (item={'USERNAME': 'R2_Flores', 'GRUPO_PRINCIPAL': 'G_R2'})
2026-06-15 23:27:27,478 p=10766 u=vagrant n=ansible | ok: [VM1-Grupo-FloresGonzalo] => (item={'USERNAME': 'R4_Flores', 'GRUPO_PRINCIPAL': 'G_R4'})
2026-06-15 23:27:27,696 p=10766 u=vagrant n=ansible | ok: [VM2-Grupo-FloresGonzalo] => (item={'USERNAME': 'R3_Flores', 'GRUPO_PRINCIPAL': 'G_R3'})
2026-06-15 23:27:27,742 p=10766 u=vagrant n=ansible | ok: [VM1-Grupo-FloresGonzalo] => (item={'USERNAME': 'R5_Flores', 'GRUPO_PRINCIPAL': 'G_R5'})
2026-06-15 23:27:28,029 p=10766 u=vagrant n=ansible | ok: [VM1-Grupo-FloresGonzalo] => (item={'USERNAME': 'R6_Flores', 'GRUPO_PRINCIPAL': 'G_R6'})
2026-06-15 23:27:28,161 p=10766 u=vagrant n=ansible | ok: [VM2-Grupo-FloresGonzalo] => (item={'USERNAME': 'R4_Flores', 'GRUPO_PRINCIPAL': 'G_R4'})
2026-06-15 23:27:28,583 p=10766 u=vagrant n=ansible | ok: [VM2-Grupo-FloresGonzalo] => (item={'USERNAME': 'R5_Flores', 'GRUPO_PRINCIPAL': 'G_R5'})
2026-06-15 23:27:29,000 p=10766 u=vagrant n=ansible | ok: [VM2-Grupo-FloresGonzalo] => (item={'USERNAME': 'R6_Flores', 'GRUPO_PRINCIPAL': 'G_R6'})
2026-06-15 23:27:29,008 p=10766 u=vagrant n=ansible | TASK [Alta_Usuarios_FloresGonzalo : Creo grupo secundario] *****************************************************************************************************************
2026-06-15 23:27:29,346 p=10766 u=vagrant n=ansible | ok: [VM1-Grupo-FloresGonzalo]
2026-06-15 23:27:29,513 p=10766 u=vagrant n=ansible | ok: [VM2-Grupo-FloresGonzalo]
2026-06-15 23:27:29,520 p=10766 u=vagrant n=ansible | TASK [Alta_Usuarios_FloresGonzalo : Creo usuarios] *************************************************************************************************************************
2026-06-15 23:27:30,010 p=10766 u=vagrant n=ansible | ok: [VM1-Grupo-FloresGonzalo] => (item={'USERNAME': 'R1_Flores', 'GRUPO_PRINCIPAL': 'G_R1'})
2026-06-15 23:27:30,136 p=10766 u=vagrant n=ansible | ok: [VM2-Grupo-FloresGonzalo] => (item={'USERNAME': 'R1_Flores', 'GRUPO_PRINCIPAL': 'G_R1'})
2026-06-15 23:27:30,380 p=10766 u=vagrant n=ansible | ok: [VM1-Grupo-FloresGonzalo] => (item={'USERNAME': 'R2_Flores', 'GRUPO_PRINCIPAL': 'G_R2'})
2026-06-15 23:27:30,660 p=10766 u=vagrant n=ansible | ok: [VM2-Grupo-FloresGonzalo] => (item={'USERNAME': 'R2_Flores', 'GRUPO_PRINCIPAL': 'G_R2'})
2026-06-15 23:27:30,682 p=10766 u=vagrant n=ansible | ok: [VM1-Grupo-FloresGonzalo] => (item={'USERNAME': 'R3_Flores', 'GRUPO_PRINCIPAL': 'G_R3'})
2026-06-15 23:27:31,013 p=10766 u=vagrant n=ansible | ok: [VM1-Grupo-FloresGonzalo] => (item={'USERNAME': 'R4_Flores', 'GRUPO_PRINCIPAL': 'G_R4'})
2026-06-15 23:27:31,161 p=10766 u=vagrant n=ansible | ok: [VM2-Grupo-FloresGonzalo] => (item={'USERNAME': 'R3_Flores', 'GRUPO_PRINCIPAL': 'G_R3'})
2026-06-15 23:27:31,358 p=10766 u=vagrant n=ansible | ok: [VM1-Grupo-FloresGonzalo] => (item={'USERNAME': 'R5_Flores', 'GRUPO_PRINCIPAL': 'G_R5'})
2026-06-15 23:27:31,648 p=10766 u=vagrant n=ansible | ok: [VM1-Grupo-FloresGonzalo] => (item={'USERNAME': 'R6_Flores', 'GRUPO_PRINCIPAL': 'G_R6'})
2026-06-15 23:27:31,667 p=10766 u=vagrant n=ansible | ok: [VM2-Grupo-FloresGonzalo] => (item={'USERNAME': 'R4_Flores', 'GRUPO_PRINCIPAL': 'G_R4'})
2026-06-15 23:27:32,112 p=10766 u=vagrant n=ansible | ok: [VM2-Grupo-FloresGonzalo] => (item={'USERNAME': 'R5_Flores', 'GRUPO_PRINCIPAL': 'G_R5'})
2026-06-15 23:27:32,558 p=10766 u=vagrant n=ansible | ok: [VM2-Grupo-FloresGonzalo] => (item={'USERNAME': 'R6_Flores', 'GRUPO_PRINCIPAL': 'G_R6'})
2026-06-15 23:27:32,565 p=10766 u=vagrant n=ansible | TASK [include_role : Sudoers_FloresGonzalo] ********************************************************************************************************************************
2026-06-15 23:27:32,609 p=10766 u=vagrant n=ansible | TASK [Sudoers_FloresGonzalo : add NOPASSWD in sudoers for group FloresGonzalo] *********************************************************************************************
2026-06-15 23:27:33,013 p=10766 u=vagrant n=ansible | ok: [VM1-Grupo-FloresGonzalo]
2026-06-15 23:27:33,130 p=10766 u=vagrant n=ansible | ok: [VM2-Grupo-FloresGonzalo]
2026-06-15 23:27:33,138 p=10766 u=vagrant n=ansible | TASK [include_role : Instala-tools_FloresGonzalo] **************************************************************************************************************************
2026-06-15 23:27:33,187 p=10766 u=vagrant n=ansible | TASK [Instala-tools_FloresGonzalo : Instalo herramientas] ******************************************************************************************************************
2026-06-15 23:27:35,972 p=10766 u=vagrant n=ansible | fatal: [VM2-Grupo-FloresGonzalo]: FAILED! => {"changed": false, "failures": ["No package tmux available."], "msg": "Depsolve Error occured: \n Problem: conflicting requests\n  - nothing provides libhwloc.so.15()(64bit) needed by htop-3.3.0-1.el9.x86_64 from epel", "rc": 1, "results": []}
2026-06-15 23:27:47,859 p=10766 u=vagrant n=ansible | changed: [VM1-Grupo-FloresGonzalo]
2026-06-15 23:27:47,870 p=10766 u=vagrant n=ansible | TASK [Otra tarea] **********************************************************************************************************************************************************
2026-06-15 23:27:47,884 p=10766 u=vagrant n=ansible | ok: [VM1-Grupo-FloresGonzalo] => {
    "msg": "Despues de la ejecucion del rol"
}
2026-06-15 23:27:47,896 p=10766 u=vagrant n=ansible | PLAY RECAP *****************************************************************************************************************************************************************
2026-06-15 23:27:47,896 p=10766 u=vagrant n=ansible | VM1-Grupo-FloresGonzalo    : ok=10   changed=1    unreachable=0    failed=0    skipped=0    rescued=0    ignored=0   
2026-06-15 23:27:47,896 p=10766 u=vagrant n=ansible | VM2-Grupo-FloresGonzalo    : ok=8    changed=0    unreachable=0    failed=1    skipped=0    rescued=0    ignored=0   
2026-06-15 23:31:18,796 p=11765 u=vagrant n=ansible | PLAY [testing,produccion] **************************************************************************************************************************************************
2026-06-15 23:31:18,808 p=11765 u=vagrant n=ansible | TASK [Gathering Facts] *****************************************************************************************************************************************************
2026-06-15 23:31:20,395 p=11765 u=vagrant n=ansible | ok: [VM2-Grupo-FloresGonzalo]
2026-06-15 23:31:20,606 p=11765 u=vagrant n=ansible | ok: [VM1-Grupo-FloresGonzalo]
2026-06-15 23:31:20,618 p=11765 u=vagrant n=ansible | TASK [include_role : TP_INI] ***********************************************************************************************************************************************
2026-06-15 23:31:20,669 p=11765 u=vagrant n=ansible | TASK [TP_INI : Rol: TP_INI - Grupo: FloresGonzalo] *************************************************************************************************************************
2026-06-15 23:31:20,699 p=11765 u=vagrant n=ansible | ok: [VM1-Grupo-FloresGonzalo] => {
    "msg": "Inicio de tareas dentro del Rol: TP_INI"
}
2026-06-15 23:31:20,701 p=11765 u=vagrant n=ansible | ok: [VM2-Grupo-FloresGonzalo] => {
    "msg": "Inicio de tareas dentro del Rol: TP_INI"
}
2026-06-15 23:31:20,709 p=11765 u=vagrant n=ansible | TASK [TP_INI : Creo directorio /tmp/Grupo] *********************************************************************************************************************************
2026-06-15 23:31:21,119 p=11765 u=vagrant n=ansible | ok: [VM1-Grupo-FloresGonzalo]
2026-06-15 23:31:21,237 p=11765 u=vagrant n=ansible | ok: [VM2-Grupo-FloresGonzalo]
2026-06-15 23:31:21,246 p=11765 u=vagrant n=ansible | TASK [TP_INI : Agrego archivo desde template] ******************************************************************************************************************************
2026-06-15 23:31:22,008 p=11765 u=vagrant n=ansible | ok: [VM1-Grupo-FloresGonzalo]
2026-06-15 23:31:22,132 p=11765 u=vagrant n=ansible | ok: [VM2-Grupo-FloresGonzalo]
2026-06-15 23:31:22,138 p=11765 u=vagrant n=ansible | TASK [include_role : Alta_Usuarios_FloresGonzalo] **************************************************************************************************************************
2026-06-15 23:31:22,185 p=11765 u=vagrant n=ansible | TASK [Alta_Usuarios_FloresGonzalo : Creo grupos principales] ***************************************************************************************************************
2026-06-15 23:31:22,581 p=11765 u=vagrant n=ansible | ok: [VM1-Grupo-FloresGonzalo] => (item={'USERNAME': 'R1_Flores', 'GRUPO_PRINCIPAL': 'G_R1'})
2026-06-15 23:31:22,714 p=11765 u=vagrant n=ansible | ok: [VM2-Grupo-FloresGonzalo] => (item={'USERNAME': 'R1_Flores', 'GRUPO_PRINCIPAL': 'G_R1'})
2026-06-15 23:31:22,868 p=11765 u=vagrant n=ansible | ok: [VM1-Grupo-FloresGonzalo] => (item={'USERNAME': 'R2_Flores', 'GRUPO_PRINCIPAL': 'G_R2'})
2026-06-15 23:31:23,132 p=11765 u=vagrant n=ansible | ok: [VM1-Grupo-FloresGonzalo] => (item={'USERNAME': 'R3_Flores', 'GRUPO_PRINCIPAL': 'G_R3'})
2026-06-15 23:31:23,192 p=11765 u=vagrant n=ansible | ok: [VM2-Grupo-FloresGonzalo] => (item={'USERNAME': 'R2_Flores', 'GRUPO_PRINCIPAL': 'G_R2'})
2026-06-15 23:31:23,444 p=11765 u=vagrant n=ansible | ok: [VM1-Grupo-FloresGonzalo] => (item={'USERNAME': 'R4_Flores', 'GRUPO_PRINCIPAL': 'G_R4'})
2026-06-15 23:31:23,673 p=11765 u=vagrant n=ansible | ok: [VM2-Grupo-FloresGonzalo] => (item={'USERNAME': 'R3_Flores', 'GRUPO_PRINCIPAL': 'G_R3'})
2026-06-15 23:31:23,708 p=11765 u=vagrant n=ansible | ok: [VM1-Grupo-FloresGonzalo] => (item={'USERNAME': 'R5_Flores', 'GRUPO_PRINCIPAL': 'G_R5'})
2026-06-15 23:31:23,994 p=11765 u=vagrant n=ansible | ok: [VM1-Grupo-FloresGonzalo] => (item={'USERNAME': 'R6_Flores', 'GRUPO_PRINCIPAL': 'G_R6'})
2026-06-15 23:31:24,134 p=11765 u=vagrant n=ansible | ok: [VM2-Grupo-FloresGonzalo] => (item={'USERNAME': 'R4_Flores', 'GRUPO_PRINCIPAL': 'G_R4'})
2026-06-15 23:31:24,540 p=11765 u=vagrant n=ansible | ok: [VM2-Grupo-FloresGonzalo] => (item={'USERNAME': 'R5_Flores', 'GRUPO_PRINCIPAL': 'G_R5'})
2026-06-15 23:31:24,953 p=11765 u=vagrant n=ansible | ok: [VM2-Grupo-FloresGonzalo] => (item={'USERNAME': 'R6_Flores', 'GRUPO_PRINCIPAL': 'G_R6'})
2026-06-15 23:31:24,961 p=11765 u=vagrant n=ansible | TASK [Alta_Usuarios_FloresGonzalo : Creo grupo secundario] *****************************************************************************************************************
2026-06-15 23:31:25,291 p=11765 u=vagrant n=ansible | ok: [VM1-Grupo-FloresGonzalo]
2026-06-15 23:31:25,458 p=11765 u=vagrant n=ansible | ok: [VM2-Grupo-FloresGonzalo]
2026-06-15 23:31:25,465 p=11765 u=vagrant n=ansible | TASK [Alta_Usuarios_FloresGonzalo : Creo usuarios] *************************************************************************************************************************
2026-06-15 23:31:25,959 p=11765 u=vagrant n=ansible | ok: [VM1-Grupo-FloresGonzalo] => (item={'USERNAME': 'R1_Flores', 'GRUPO_PRINCIPAL': 'G_R1'})
2026-06-15 23:31:26,080 p=11765 u=vagrant n=ansible | ok: [VM2-Grupo-FloresGonzalo] => (item={'USERNAME': 'R1_Flores', 'GRUPO_PRINCIPAL': 'G_R1'})
2026-06-15 23:31:26,310 p=11765 u=vagrant n=ansible | ok: [VM1-Grupo-FloresGonzalo] => (item={'USERNAME': 'R2_Flores', 'GRUPO_PRINCIPAL': 'G_R2'})
2026-06-15 23:31:26,601 p=11765 u=vagrant n=ansible | ok: [VM1-Grupo-FloresGonzalo] => (item={'USERNAME': 'R3_Flores', 'GRUPO_PRINCIPAL': 'G_R3'})
2026-06-15 23:31:26,618 p=11765 u=vagrant n=ansible | ok: [VM2-Grupo-FloresGonzalo] => (item={'USERNAME': 'R2_Flores', 'GRUPO_PRINCIPAL': 'G_R2'})
2026-06-15 23:31:26,942 p=11765 u=vagrant n=ansible | ok: [VM1-Grupo-FloresGonzalo] => (item={'USERNAME': 'R4_Flores', 'GRUPO_PRINCIPAL': 'G_R4'})
2026-06-15 23:31:27,140 p=11765 u=vagrant n=ansible | ok: [VM2-Grupo-FloresGonzalo] => (item={'USERNAME': 'R3_Flores', 'GRUPO_PRINCIPAL': 'G_R3'})
2026-06-15 23:31:27,254 p=11765 u=vagrant n=ansible | ok: [VM1-Grupo-FloresGonzalo] => (item={'USERNAME': 'R5_Flores', 'GRUPO_PRINCIPAL': 'G_R5'})
2026-06-15 23:31:27,566 p=11765 u=vagrant n=ansible | ok: [VM1-Grupo-FloresGonzalo] => (item={'USERNAME': 'R6_Flores', 'GRUPO_PRINCIPAL': 'G_R6'})
2026-06-15 23:31:27,664 p=11765 u=vagrant n=ansible | ok: [VM2-Grupo-FloresGonzalo] => (item={'USERNAME': 'R4_Flores', 'GRUPO_PRINCIPAL': 'G_R4'})
2026-06-15 23:31:28,106 p=11765 u=vagrant n=ansible | ok: [VM2-Grupo-FloresGonzalo] => (item={'USERNAME': 'R5_Flores', 'GRUPO_PRINCIPAL': 'G_R5'})
2026-06-15 23:31:28,561 p=11765 u=vagrant n=ansible | ok: [VM2-Grupo-FloresGonzalo] => (item={'USERNAME': 'R6_Flores', 'GRUPO_PRINCIPAL': 'G_R6'})
2026-06-15 23:31:28,569 p=11765 u=vagrant n=ansible | TASK [include_role : Sudoers_FloresGonzalo] ********************************************************************************************************************************
2026-06-15 23:31:28,615 p=11765 u=vagrant n=ansible | TASK [Sudoers_FloresGonzalo : add NOPASSWD in sudoers for group FloresGonzalo] *********************************************************************************************
2026-06-15 23:31:29,018 p=11765 u=vagrant n=ansible | ok: [VM1-Grupo-FloresGonzalo]
2026-06-15 23:31:29,138 p=11765 u=vagrant n=ansible | ok: [VM2-Grupo-FloresGonzalo]
2026-06-15 23:31:29,146 p=11765 u=vagrant n=ansible | TASK [include_role : Instala-tools_FloresGonzalo] **************************************************************************************************************************
2026-06-15 23:31:29,201 p=11765 u=vagrant n=ansible | TASK [Instala-tools_FloresGonzalo : Actualizo cache en Debian/Ubuntu] ******************************************************************************************************
2026-06-15 23:31:29,234 p=11765 u=vagrant n=ansible | skipping: [VM2-Grupo-FloresGonzalo]
2026-06-15 23:31:43,764 p=11765 u=vagrant n=ansible | changed: [VM1-Grupo-FloresGonzalo]
2026-06-15 23:31:43,774 p=11765 u=vagrant n=ansible | TASK [Instala-tools_FloresGonzalo : Instalo herramientas] ******************************************************************************************************************
2026-06-15 23:31:45,069 p=11765 u=vagrant n=ansible | fatal: [VM2-Grupo-FloresGonzalo]: FAILED! => {"changed": false, "failures": ["No package tmux available."], "msg": "Depsolve Error occured: \n Problem: conflicting requests\n  - nothing provides libhwloc.so.15()(64bit) needed by htop-3.3.0-1.el9.x86_64 from epel", "rc": 1, "results": []}
2026-06-15 23:31:45,070 p=11765 u=vagrant n=ansible | ...ignoring
2026-06-15 23:31:45,140 p=11765 u=vagrant n=ansible | ok: [VM1-Grupo-FloresGonzalo]
2026-06-15 23:31:45,147 p=11765 u=vagrant n=ansible | TASK [Otra tarea] **********************************************************************************************************************************************************
2026-06-15 23:31:45,173 p=11765 u=vagrant n=ansible | ok: [VM1-Grupo-FloresGonzalo] => {
    "msg": "Despues de la ejecucion del rol"
}
2026-06-15 23:31:45,174 p=11765 u=vagrant n=ansible | ok: [VM2-Grupo-FloresGonzalo] => {
    "msg": "Despues de la ejecucion del rol"
}
2026-06-15 23:31:45,187 p=11765 u=vagrant n=ansible | PLAY RECAP *****************************************************************************************************************************************************************
2026-06-15 23:31:45,187 p=11765 u=vagrant n=ansible | VM1-Grupo-FloresGonzalo    : ok=11   changed=1    unreachable=0    failed=0    skipped=0    rescued=0    ignored=0   
2026-06-15 23:31:45,187 p=11765 u=vagrant n=ansible | VM2-Grupo-FloresGonzalo    : ok=10   changed=0    unreachable=0    failed=0    skipped=1    rescued=0    ignored=1   
